<?xml version="1.0" encoding="UTF-8"?>
<testsuite xmlns:xsi="http://www.w3.org/2001/XMLSchema-instance" xsi:noNamespaceSchemaLocation="https://maven.apache.org/surefire/maven-surefire-plugin/xsd/surefire-test-report.xsd" name="TestSuite" time="16.299" tests="1" errors="0" skipped="0" failures="0">
  <properties>
    <property name="java.specification.version" value="14"/>
    <property name="sun.jnu.encoding" value="UTF-8"/>
    <property name="java.class.path" value="/Users/gowriv/Desktop/Scuba/Test NG Framework/NewTAFUpdated/target/test-classes:/Users/gowriv/Desktop/Scuba/Test NG Framework/NewTAFUpdated/target/classes:/Users/gowriv/.m2/repository/org/seleniumhq/selenium/selenium-java/3.141.59/selenium-java-3.141.59.jar:/Users/gowriv/.m2/repository/org/seleniumhq/selenium/selenium-api/3.141.59/selenium-api-3.141.59.jar:/Users/gowriv/.m2/repository/org/seleniumhq/selenium/selenium-chrome-driver/3.141.59/selenium-chrome-driver-3.141.59.jar:/Users/gowriv/.m2/repository/org/seleniumhq/selenium/selenium-edge-driver/3.141.59/selenium-edge-driver-3.141.59.jar:/Users/gowriv/.m2/repository/org/seleniumhq/selenium/selenium-firefox-driver/3.141.59/selenium-firefox-driver-3.141.59.jar:/Users/gowriv/.m2/repository/org/seleniumhq/selenium/selenium-ie-driver/3.141.59/selenium-ie-driver-3.141.59.jar:/Users/gowriv/.m2/repository/org/seleniumhq/selenium/selenium-opera-driver/3.141.59/selenium-opera-driver-3.141.59.jar:/Users/gowriv/.m2/repository/org/seleniumhq/selenium/selenium-remote-driver/3.141.59/selenium-remote-driver-3.141.59.jar:/Users/gowriv/.m2/repository/org/seleniumhq/selenium/selenium-safari-driver/3.141.59/selenium-safari-driver-3.141.59.jar:/Users/gowriv/.m2/repository/org/seleniumhq/selenium/selenium-support/3.141.59/selenium-support-3.141.59.jar:/Users/gowriv/.m2/repository/net/bytebuddy/byte-buddy/1.8.15/byte-buddy-1.8.15.jar:/Users/gowriv/.m2/repository/org/apache/commons/commons-exec/1.3/commons-exec-1.3.jar:/Users/gowriv/.m2/repository/com/google/guava/guava/25.0-jre/guava-25.0-jre.jar:/Users/gowriv/.m2/repository/com/google/code/findbugs/jsr305/1.3.9/jsr305-1.3.9.jar:/Users/gowriv/.m2/repository/org/checkerframework/checker-compat-qual/2.0.0/checker-compat-qual-2.0.0.jar:/Users/gowriv/.m2/repository/com/google/errorprone/error_prone_annotations/2.1.3/error_prone_annotations-2.1.3.jar:/Users/gowriv/.m2/repository/com/google/j2objc/j2objc-annotations/1.1/j2objc-annotations-1.1.jar:/Users/gowriv/.m2/repository/org/codehaus/mojo/animal-sniffer-annotations/1.14/animal-sniffer-annotations-1.14.jar:/Users/gowriv/.m2/repository/com/squareup/okhttp3/okhttp/3.11.0/okhttp-3.11.0.jar:/Users/gowriv/.m2/repository/com/squareup/okio/okio/1.14.0/okio-1.14.0.jar:/Users/gowriv/.m2/repository/org/testng/testng/6.11/testng-6.11.jar:/Users/gowriv/.m2/repository/com/beust/jcommander/1.64/jcommander-1.64.jar:/Users/gowriv/.m2/repository/org/yaml/snakeyaml/1.17/snakeyaml-1.17.jar:/Users/gowriv/.m2/repository/io/github/bonigarcia/webdrivermanager/4.0.0/webdrivermanager-4.0.0.jar:/Users/gowriv/.m2/repository/org/slf4j/slf4j-api/1.7.30/slf4j-api-1.7.30.jar:/Users/gowriv/.m2/repository/commons-io/commons-io/2.6/commons-io-2.6.jar:/Users/gowriv/.m2/repository/com/google/code/gson/gson/2.8.6/gson-2.8.6.jar:/Users/gowriv/.m2/repository/org/apache/commons/commons-lang3/3.10/commons-lang3-3.10.jar:/Users/gowriv/.m2/repository/org/apache/httpcomponents/client5/httpclient5/5.0/httpclient5-5.0.jar:/Users/gowriv/.m2/repository/org/apache/httpcomponents/core5/httpcore5/5.0/httpcore5-5.0.jar:/Users/gowriv/.m2/repository/org/apache/httpcomponents/core5/httpcore5-h2/5.0/httpcore5-h2-5.0.jar:/Users/gowriv/.m2/repository/org/rauschig/jarchivelib/1.0.0/jarchivelib-1.0.0.jar:/Users/gowriv/.m2/repository/org/jsoup/jsoup/1.13.1/jsoup-1.13.1.jar:/Users/gowriv/.m2/repository/io/cucumber/cucumber-java/6.3.0/cucumber-java-6.3.0.jar:/Users/gowriv/.m2/repository/io/cucumber/cucumber-core/6.3.0/cucumber-core-6.3.0.jar:/Users/gowriv/.m2/repository/io/cucumber/cucumber-gherkin/6.3.0/cucumber-gherkin-6.3.0.jar:/Users/gowriv/.m2/repository/io/cucumber/cucumber-gherkin-messages/6.3.0/cucumber-gherkin-messages-6.3.0.jar:/Users/gowriv/.m2/repository/io/cucumber/messages/12.2.0/messages-12.2.0.jar:/Users/gowriv/.m2/repository/io/cucumber/tag-expressions/3.0.0/tag-expressions-3.0.0.jar:/Users/gowriv/.m2/repository/io/cucumber/cucumber-expressions/10.2.1/cucumber-expressions-10.2.1.jar:/Users/gowriv/.m2/repository/io/cucumber/datatable/3.3.1/datatable-3.3.1.jar:/Users/gowriv/.m2/repository/io/cucumber/cucumber-plugin/6.3.0/cucumber-plugin-6.3.0.jar:/Users/gowriv/.m2/repository/io/cucumber/docstring/6.3.0/docstring-6.3.0.jar:/Users/gowriv/.m2/repository/io/cucumber/html-formatter/7.0.0/html-formatter-7.0.0.jar:/Users/gowriv/.m2/repository/org/apiguardian/apiguardian-api/1.1.0/apiguardian-api-1.1.0.jar:/Users/gowriv/.m2/repository/io/cucumber/cucumber-testng/6.3.0/cucumber-testng-6.3.0.jar:/Users/gowriv/.m2/repository/io/cucumber/cucumber-picocontainer/6.3.0/cucumber-picocontainer-6.3.0.jar:/Users/gowriv/.m2/repository/org/picocontainer/picocontainer/2.15/picocontainer-2.15.jar:/Users/gowriv/.m2/repository/io/cucumber/cucumber-java8/6.3.0/cucumber-java8-6.3.0.jar:/Users/gowriv/.m2/repository/net/jodah/typetools/0.6.2/typetools-0.6.2.jar:/Users/gowriv/.m2/repository/io/appium/java-client/7.3.0/java-client-7.3.0.jar:/Users/gowriv/.m2/repository/org/apache/httpcomponents/httpclient/4.5.9/httpclient-4.5.9.jar:/Users/gowriv/.m2/repository/org/apache/httpcomponents/httpcore/4.4.11/httpcore-4.4.11.jar:/Users/gowriv/.m2/repository/commons-logging/commons-logging/1.2/commons-logging-1.2.jar:/Users/gowriv/.m2/repository/cglib/cglib/3.2.12/cglib-3.2.12.jar:/Users/gowriv/.m2/repository/org/ow2/asm/asm/7.1/asm-7.1.jar:/Users/gowriv/.m2/repository/commons-validator/commons-validator/1.6/commons-validator-1.6.jar:/Users/gowriv/.m2/repository/commons-beanutils/commons-beanutils/1.9.2/commons-beanutils-1.9.2.jar:/Users/gowriv/.m2/repository/commons-digester/commons-digester/1.8.1/commons-digester-1.8.1.jar:/Users/gowriv/.m2/repository/org/springframework/spring-context/5.1.8.RELEASE/spring-context-5.1.8.RELEASE.jar:/Users/gowriv/.m2/repository/org/springframework/spring-aop/5.1.8.RELEASE/spring-aop-5.1.8.RELEASE.jar:/Users/gowriv/.m2/repository/org/springframework/spring-beans/5.1.8.RELEASE/spring-beans-5.1.8.RELEASE.jar:/Users/gowriv/.m2/repository/org/springframework/spring-core/5.1.8.RELEASE/spring-core-5.1.8.RELEASE.jar:/Users/gowriv/.m2/repository/org/springframework/spring-jcl/5.1.8.RELEASE/spring-jcl-5.1.8.RELEASE.jar:/Users/gowriv/.m2/repository/org/springframework/spring-expression/5.1.8.RELEASE/spring-expression-5.1.8.RELEASE.jar:/Users/gowriv/.m2/repository/org/aspectj/aspectjweaver/1.9.4/aspectjweaver-1.9.4.jar:/Users/gowriv/.m2/repository/org/apache/logging/log4j/log4j-core/2.13.3/log4j-core-2.13.3.jar:/Users/gowriv/.m2/repository/org/apache/logging/log4j/log4j-api/2.13.3/log4j-api-2.13.3.jar:/Users/gowriv/.m2/repository/com/browserstack/browserstack-local-java/1.0.3/browserstack-local-java-1.0.3.jar:/Users/gowriv/.m2/repository/org/json/json/20160212/json-20160212.jar:/Users/gowriv/.m2/repository/com/saucelabs/sauce_testng/2.1.23/sauce_testng-2.1.23.jar:/Users/gowriv/.m2/repository/com/saucelabs/sauce_java_common/2.1.23/sauce_java_common-2.1.23.jar:/Users/gowriv/.m2/repository/com/googlecode/json-simple/json-simple/1.1.1/json-simple-1.1.1.jar:/Users/gowriv/.m2/repository/com/saucelabs/saucerest/1.0.32/saucerest-1.0.32.jar:/Users/gowriv/.m2/repository/commons-lang/commons-lang/2.6/commons-lang-2.6.jar:/Users/gowriv/.m2/repository/com/saucelabs/sauce_bindings/1.0-beta-5/sauce_bindings-1.0-beta-5.jar:/Users/gowriv/.m2/repository/org/projectlombok/lombok/1.18.10/lombok-1.18.10.jar:/Users/gowriv/.m2/repository/junit/junit/4.12/junit-4.12.jar:/Users/gowriv/.m2/repository/org/hamcrest/hamcrest-core/1.3/hamcrest-core-1.3.jar:/Users/gowriv/.m2/repository/io/rest-assured/rest-assured/4.3.0/rest-assured-4.3.0.jar:/Users/gowriv/.m2/repository/org/codehaus/groovy/groovy/3.0.2/groovy-3.0.2.jar:/Users/gowriv/.m2/repository/org/codehaus/groovy/groovy-xml/3.0.2/groovy-xml-3.0.2.jar:/Users/gowriv/.m2/repository/org/apache/httpcomponents/httpmime/4.5.3/httpmime-4.5.3.jar:/Users/gowriv/.m2/repository/org/hamcrest/hamcrest/2.1/hamcrest-2.1.jar:/Users/gowriv/.m2/repository/org/ccil/cowan/tagsoup/tagsoup/1.2.1/tagsoup-1.2.1.jar:/Users/gowriv/.m2/repository/io/rest-assured/json-path/4.3.0/json-path-4.3.0.jar:/Users/gowriv/.m2/repository/org/codehaus/groovy/groovy-json/3.0.2/groovy-json-3.0.2.jar:/Users/gowriv/.m2/repository/io/rest-assured/xml-path/4.3.0/xml-path-4.3.0.jar:/Users/gowriv/.m2/repository/jakarta/xml/bind/jakarta.xml.bind-api/2.3.2/jakarta.xml.bind-api-2.3.2.jar:/Users/gowriv/.m2/repository/jakarta/activation/jakarta.activation-api/1.2.1/jakarta.activation-api-1.2.1.jar:/Users/gowriv/.m2/repository/com/sun/xml/bind/jaxb-osgi/2.3.0.1/jaxb-osgi-2.3.0.1.jar:/Users/gowriv/.m2/repository/org/apache/sling/org.apache.sling.javax.activation/0.1.0/org.apache.sling.javax.activation-0.1.0.jar:/Users/gowriv/.m2/repository/javax/activation/activation/1.1.1/activation-1.1.1.jar:/Users/gowriv/.m2/repository/io/rest-assured/json-schema-validator/4.3.0/json-schema-validator-4.3.0.jar:/Users/gowriv/.m2/repository/com/github/java-json-tools/json-schema-validator/2.2.10/json-schema-validator-2.2.10.jar:/Users/gowriv/.m2/repository/com/github/java-json-tools/json-schema-core/1.2.10/json-schema-core-1.2.10.jar:/Users/gowriv/.m2/repository/com/github/java-json-tools/jackson-coreutils/1.9/jackson-coreutils-1.9.jar:/Users/gowriv/.m2/repository/com/github/fge/msg-simple/1.1/msg-simple-1.1.jar:/Users/gowriv/.m2/repository/com/github/fge/btf/1.2/btf-1.2.jar:/Users/gowriv/.m2/repository/com/github/fge/uri-template/0.9/uri-template-0.9.jar:/Users/gowriv/.m2/repository/org/mozilla/rhino/1.7.7.1/rhino-1.7.7.1.jar:/Users/gowriv/.m2/repository/javax/mail/mailapi/1.4.3/mailapi-1.4.3.jar:/Users/gowriv/.m2/repository/joda-time/joda-time/2.9.7/joda-time-2.9.7.jar:/Users/gowriv/.m2/repository/com/googlecode/libphonenumber/libphonenumber/8.0.0/libphonenumber-8.0.0.jar:/Users/gowriv/.m2/repository/net/sf/jopt-simple/jopt-simple/5.0.3/jopt-simple-5.0.3.jar:/Users/gowriv/.m2/repository/io/rest-assured/rest-assured-common/4.3.0/rest-assured-common-4.3.0.jar:/Users/gowriv/.m2/repository/org/apache/poi/poi/4.1.2/poi-4.1.2.jar:/Users/gowriv/.m2/repository/commons-codec/commons-codec/1.13/commons-codec-1.13.jar:/Users/gowriv/.m2/repository/org/apache/commons/commons-collections4/4.4/commons-collections4-4.4.jar:/Users/gowriv/.m2/repository/org/apache/commons/commons-math3/3.6.1/commons-math3-3.6.1.jar:/Users/gowriv/.m2/repository/com/zaxxer/SparseBitSet/1.2/SparseBitSet-1.2.jar:/Users/gowriv/.m2/repository/org/apache/poi/poi-ooxml/4.1.2/poi-ooxml-4.1.2.jar:/Users/gowriv/.m2/repository/org/apache/poi/poi-ooxml-schemas/4.1.2/poi-ooxml-schemas-4.1.2.jar:/Users/gowriv/.m2/repository/org/apache/xmlbeans/xmlbeans/3.1.0/xmlbeans-3.1.0.jar:/Users/gowriv/.m2/repository/org/apache/commons/commons-compress/1.19/commons-compress-1.19.jar:/Users/gowriv/.m2/repository/com/github/virtuald/curvesapi/1.06/curvesapi-1.06.jar:/Users/gowriv/.m2/repository/com/jcraft/jsch/0.1.55/jsch-0.1.55.jar:/Users/gowriv/.m2/repository/com/fasterxml/jackson/core/jackson-core/2.11.0/jackson-core-2.11.0.jar:/Users/gowriv/.m2/repository/com/fasterxml/jackson/core/jackson-databind/2.11.0/jackson-databind-2.11.0.jar:/Users/gowriv/.m2/repository/com/fasterxml/jackson/core/jackson-annotations/2.11.0/jackson-annotations-2.11.0.jar:/Users/gowriv/.m2/repository/com/codoid/products/fillo/1.21/fillo-1.21.jar:/Users/gowriv/.m2/repository/com/aventstack/extentreports/4.0.0/extentreports-4.0.0.jar:/Users/gowriv/.m2/repository/org/freemarker/freemarker/2.3.23/freemarker-2.3.23.jar:/Users/gowriv/.m2/repository/org/mongodb/mongodb-driver/3.3.0/mongodb-driver-3.3.0.jar:/Users/gowriv/.m2/repository/org/mongodb/mongodb-driver-core/3.3.0/mongodb-driver-core-3.3.0.jar:/Users/gowriv/.m2/repository/org/mongodb/bson/3.3.0/bson-3.3.0.jar:/Users/gowriv/.m2/repository/org/apache/maven/plugins/maven-dependency-plugin/3.1.2/maven-dependency-plugin-3.1.2.jar:/Users/gowriv/.m2/repository/org/apache/maven/maven-artifact/3.0/maven-artifact-3.0.jar:/Users/gowriv/.m2/repository/org/apache/maven/maven-plugin-api/3.0/maven-plugin-api-3.0.jar:/Users/gowriv/.m2/repository/org/sonatype/sisu/sisu-inject-plexus/1.4.2/sisu-inject-plexus-1.4.2.jar:/Users/gowriv/.m2/repository/org/sonatype/sisu/sisu-inject-bean/1.4.2/sisu-inject-bean-1.4.2.jar:/Users/gowriv/.m2/repository/org/sonatype/sisu/sisu-guice/2.1.7/sisu-guice-2.1.7-noaop.jar:/Users/gowriv/.m2/repository/org/apache/maven/maven-model/3.0/maven-model-3.0.jar:/Users/gowriv/.m2/repository/org/apache/maven/maven-core/3.0/maven-core-3.0.jar:/Users/gowriv/.m2/repository/org/apache/maven/maven-settings/3.0/maven-settings-3.0.jar:/Users/gowriv/.m2/repository/org/apache/maven/maven-settings-builder/3.0/maven-settings-builder-3.0.jar:/Users/gowriv/.m2/repository/org/apache/maven/maven-model-builder/3.0/maven-model-builder-3.0.jar:/Users/gowriv/.m2/repository/org/apache/maven/maven-aether-provider/3.0/maven-aether-provider-3.0.jar:/Users/gowriv/.m2/repository/org/sonatype/aether/aether-impl/1.7/aether-impl-1.7.jar:/Users/gowriv/.m2/repository/org/sonatype/aether/aether-spi/1.7/aether-spi-1.7.jar:/Users/gowriv/.m2/repository/org/sonatype/aether/aether-api/1.7/aether-api-1.7.jar:/Users/gowriv/.m2/repository/org/sonatype/aether/aether-util/1.7/aether-util-1.7.jar:/Users/gowriv/.m2/repository/org/codehaus/plexus/plexus-interpolation/1.14/plexus-interpolation-1.14.jar:/Users/gowriv/.m2/repository/org/codehaus/plexus/plexus-classworlds/2.2.3/plexus-classworlds-2.2.3.jar:/Users/gowriv/.m2/repository/org/codehaus/plexus/plexus-component-annotations/1.5.5/plexus-component-annotations-1.5.5.jar:/Users/gowriv/.m2/repository/org/sonatype/plexus/plexus-sec-dispatcher/1.3/plexus-sec-dispatcher-1.3.jar:/Users/gowriv/.m2/repository/org/sonatype/plexus/plexus-cipher/1.4/plexus-cipher-1.4.jar:/Users/gowriv/.m2/repository/org/apache/maven/maven-repository-metadata/3.0/maven-repository-metadata-3.0.jar:/Users/gowriv/.m2/repository/org/apache/maven/reporting/maven-reporting-api/3.0/maven-reporting-api-3.0.jar:/Users/gowriv/.m2/repository/org/apache/maven/reporting/maven-reporting-impl/3.0.0/maven-reporting-impl-3.0.0.jar:/Users/gowriv/.m2/repository/org/apache/maven/doxia/doxia-decoration-model/1.7.4/doxia-decoration-model-1.7.4.jar:/Users/gowriv/.m2/repository/org/apache/maven/doxia/doxia-sink-api/1.9/doxia-sink-api-1.9.jar:/Users/gowriv/.m2/repository/org/apache/maven/doxia/doxia-logging-api/1.9/doxia-logging-api-1.9.jar:/Users/gowriv/.m2/repository/org/apache/maven/doxia/doxia-core/1.9/doxia-core-1.9.jar:/Users/gowriv/.m2/repository/org/codehaus/plexus/plexus-container-default/1.7.1/plexus-container-default-1.7.1.jar:/Users/gowriv/.m2/repository/org/apache/xbean/xbean-reflect/3.7/xbean-reflect-3.7.jar:/Users/gowriv/.m2/repository/com/google/collections/google-collections/1.0/google-collections-1.0.jar:/Users/gowriv/.m2/repository/org/apache/maven/doxia/doxia-site-renderer/1.9/doxia-site-renderer-1.9.jar:/Users/gowriv/.m2/repository/org/apache/maven/doxia/doxia-skin-model/1.9/doxia-skin-model-1.9.jar:/Users/gowriv/.m2/repository/org/apache/maven/doxia/doxia-module-xhtml/1.9/doxia-module-xhtml-1.9.jar:/Users/gowriv/.m2/repository/org/apache/maven/doxia/doxia-module-xhtml5/1.9/doxia-module-xhtml5-1.9.jar:/Users/gowriv/.m2/repository/org/codehaus/plexus/plexus-i18n/1.0-beta-10/plexus-i18n-1.0-beta-10.jar:/Users/gowriv/.m2/repository/org/codehaus/plexus/plexus-velocity/1.2/plexus-velocity-1.2.jar:/Users/gowriv/.m2/repository/org/apache/velocity/velocity/1.7/velocity-1.7.jar:/Users/gowriv/.m2/repository/org/apache/velocity/velocity-tools/2.0/velocity-tools-2.0.jar:/Users/gowriv/.m2/repository/commons-chain/commons-chain/1.1/commons-chain-1.1.jar:/Users/gowriv/.m2/repository/dom4j/dom4j/1.1/dom4j-1.1.jar:/Users/gowriv/.m2/repository/oro/oro/2.0.8/oro-2.0.8.jar:/Users/gowriv/.m2/repository/sslext/sslext/1.2-0/sslext-1.2-0.jar:/Users/gowriv/.m2/repository/org/apache/struts/struts-core/1.3.8/struts-core-1.3.8.jar:/Users/gowriv/.m2/repository/antlr/antlr/2.7.2/antlr-2.7.2.jar:/Users/gowriv/.m2/repository/org/apache/struts/struts-taglib/1.3.8/struts-taglib-1.3.8.jar:/Users/gowriv/.m2/repository/org/apache/struts/struts-tiles/1.3.8/struts-tiles-1.3.8.jar:/Users/gowriv/.m2/repository/org/codehaus/plexus/plexus-archiver/4.2.2/plexus-archiver-4.2.2.jar:/Users/gowriv/.m2/repository/org/iq80/snappy/snappy/0.4/snappy-0.4.jar:/Users/gowriv/.m2/repository/org/tukaani/xz/1.8/xz-1.8.jar:/Users/gowriv/.m2/repository/org/codehaus/plexus/plexus-utils/3.3.0/plexus-utils-3.3.0.jar:/Users/gowriv/.m2/repository/org/apache/maven/shared/file-management/3.0.0/file-management-3.0.0.jar:/Users/gowriv/.m2/repository/org/apache/maven/shared/maven-shared-io/3.0.0/maven-shared-io-3.0.0.jar:/Users/gowriv/.m2/repository/org/apache/maven/maven-compat/3.0/maven-compat-3.0.jar:/Users/gowriv/.m2/repository/org/apache/maven/wagon/wagon-provider-api/2.10/wagon-provider-api-2.10.jar:/Users/gowriv/.m2/repository/org/codehaus/plexus/plexus-io/3.2.0/plexus-io-3.2.0.jar:/Users/gowriv/.m2/repository/org/apache/maven/shared/maven-dependency-analyzer/1.11.1/maven-dependency-analyzer-1.11.1.jar:/Users/gowriv/.m2/repository/org/apache/maven/shared/maven-dependency-tree/3.0.1/maven-dependency-tree-3.0.1.jar:/Users/gowriv/.m2/repository/org/eclipse/aether/aether-util/0.9.0.M2/aether-util-0.9.0.M2.jar:/Users/gowriv/.m2/repository/org/apache/maven/shared/maven-common-artifact-filters/3.1.0/maven-common-artifact-filters-3.1.0.jar:/Users/gowriv/.m2/repository/org/apache/maven/shared/maven-artifact-transfer/0.11.0/maven-artifact-transfer-0.11.0.jar:/Users/gowriv/.m2/repository/org/apache/maven/shared/maven-shared-utils/3.2.1/maven-shared-utils-3.2.1.jar:/Users/gowriv/.m2/repository/commons-collections/commons-collections/3.2.2/commons-collections-3.2.2.jar:/Users/gowriv/.m2/repository/classworlds/classworlds/1.1/classworlds-1.1.jar:/Users/gowriv/.m2/repository/net/sourceforge/jexcelapi/jxl/2.6/jxl-2.6.jar:/Users/gowriv/.m2/repository/info/cukes/cucumber-java8/1.2.5/cucumber-java8-1.2.5.jar:/Users/gowriv/.m2/repository/info/cukes/cucumber-java/1.2.5/cucumber-java-1.2.5.jar:/Users/gowriv/.m2/repository/info/cukes/cucumber-core/1.2.5/cucumber-core-1.2.5.jar:/Users/gowriv/.m2/repository/info/cukes/cucumber-html/0.2.3/cucumber-html-0.2.3.jar:/Users/gowriv/.m2/repository/info/cukes/cucumber-jvm-deps/1.0.5/cucumber-jvm-deps-1.0.5.jar:/Users/gowriv/.m2/repository/info/cukes/gherkin/2.12.2/gherkin-2.12.2.jar:/Users/gowriv/.m2/repository/mysql/mysql-connector-java/5.1.46/mysql-connector-java-5.1.46.jar:"/>
    <property name="java.vm.vendor" value="Oracle Corporation"/>
    <property name="sun.arch.data.model" value="64"/>
    <property name="java.vendor.url" value="https://openjdk.java.net/"/>
    <property name="os.name" value="Mac OS X"/>
    <property name="java.vm.specification.version" value="14"/>
    <property name="sun.java.launcher" value="SUN_STANDARD"/>
    <property name="user.country" value="GB"/>
    <property name="sun.boot.library.path" value="/usr/local/Cellar/openjdk/14.0.1/libexec/openjdk.jdk/Contents/Home/lib"/>
    <property name="sun.java.command" value="/Users/gowriv/Desktop/Scuba/Test NG Framework/NewTAFUpdated/target/surefire/surefirebooter6011695694071504515.jar /Users/gowriv/Desktop/Scuba/Test NG Framework/NewTAFUpdated/target/surefire 2020-07-31T13-06-42_889-jvmRun1 surefire8945672245652222815tmp surefire_02934744303697702880tmp"/>
    <property name="http.nonProxyHosts" value="local|*.local|169.254/16|*.169.254/16"/>
    <property name="jdk.debug" value="release"/>
    <property name="surefire.test.class.path" value="/Users/gowriv/Desktop/Scuba/Test NG Framework/NewTAFUpdated/target/test-classes:/Users/gowriv/Desktop/Scuba/Test NG Framework/NewTAFUpdated/target/classes:/Users/gowriv/.m2/repository/org/seleniumhq/selenium/selenium-java/3.141.59/selenium-java-3.141.59.jar:/Users/gowriv/.m2/repository/org/seleniumhq/selenium/selenium-api/3.141.59/selenium-api-3.141.59.jar:/Users/gowriv/.m2/repository/org/seleniumhq/selenium/selenium-chrome-driver/3.141.59/selenium-chrome-driver-3.141.59.jar:/Users/gowriv/.m2/repository/org/seleniumhq/selenium/selenium-edge-driver/3.141.59/selenium-edge-driver-3.141.59.jar:/Users/gowriv/.m2/repository/org/seleniumhq/selenium/selenium-firefox-driver/3.141.59/selenium-firefox-driver-3.141.59.jar:/Users/gowriv/.m2/repository/org/seleniumhq/selenium/selenium-ie-driver/3.141.59/selenium-ie-driver-3.141.59.jar:/Users/gowriv/.m2/repository/org/seleniumhq/selenium/selenium-opera-driver/3.141.59/selenium-opera-driver-3.141.59.jar:/Users/gowriv/.m2/repository/org/seleniumhq/selenium/selenium-remote-driver/3.141.59/selenium-remote-driver-3.141.59.jar:/Users/gowriv/.m2/repository/org/seleniumhq/selenium/selenium-safari-driver/3.141.59/selenium-safari-driver-3.141.59.jar:/Users/gowriv/.m2/repository/org/seleniumhq/selenium/selenium-support/3.141.59/selenium-support-3.141.59.jar:/Users/gowriv/.m2/repository/net/bytebuddy/byte-buddy/1.8.15/byte-buddy-1.8.15.jar:/Users/gowriv/.m2/repository/org/apache/commons/commons-exec/1.3/commons-exec-1.3.jar:/Users/gowriv/.m2/repository/com/google/guava/guava/25.0-jre/guava-25.0-jre.jar:/Users/gowriv/.m2/repository/com/google/code/findbugs/jsr305/1.3.9/jsr305-1.3.9.jar:/Users/gowriv/.m2/repository/org/checkerframework/checker-compat-qual/2.0.0/checker-compat-qual-2.0.0.jar:/Users/gowriv/.m2/repository/com/google/errorprone/error_prone_annotations/2.1.3/error_prone_annotations-2.1.3.jar:/Users/gowriv/.m2/repository/com/google/j2objc/j2objc-annotations/1.1/j2objc-annotations-1.1.jar:/Users/gowriv/.m2/repository/org/codehaus/mojo/animal-sniffer-annotations/1.14/animal-sniffer-annotations-1.14.jar:/Users/gowriv/.m2/repository/com/squareup/okhttp3/okhttp/3.11.0/okhttp-3.11.0.jar:/Users/gowriv/.m2/repository/com/squareup/okio/okio/1.14.0/okio-1.14.0.jar:/Users/gowriv/.m2/repository/org/testng/testng/6.11/testng-6.11.jar:/Users/gowriv/.m2/repository/com/beust/jcommander/1.64/jcommander-1.64.jar:/Users/gowriv/.m2/repository/org/yaml/snakeyaml/1.17/snakeyaml-1.17.jar:/Users/gowriv/.m2/repository/io/github/bonigarcia/webdrivermanager/4.0.0/webdrivermanager-4.0.0.jar:/Users/gowriv/.m2/repository/org/slf4j/slf4j-api/1.7.30/slf4j-api-1.7.30.jar:/Users/gowriv/.m2/repository/commons-io/commons-io/2.6/commons-io-2.6.jar:/Users/gowriv/.m2/repository/com/google/code/gson/gson/2.8.6/gson-2.8.6.jar:/Users/gowriv/.m2/repository/org/apache/commons/commons-lang3/3.10/commons-lang3-3.10.jar:/Users/gowriv/.m2/repository/org/apache/httpcomponents/client5/httpclient5/5.0/httpclient5-5.0.jar:/Users/gowriv/.m2/repository/org/apache/httpcomponents/core5/httpcore5/5.0/httpcore5-5.0.jar:/Users/gowriv/.m2/repository/org/apache/httpcomponents/core5/httpcore5-h2/5.0/httpcore5-h2-5.0.jar:/Users/gowriv/.m2/repository/org/rauschig/jarchivelib/1.0.0/jarchivelib-1.0.0.jar:/Users/gowriv/.m2/repository/org/jsoup/jsoup/1.13.1/jsoup-1.13.1.jar:/Users/gowriv/.m2/repository/io/cucumber/cucumber-java/6.3.0/cucumber-java-6.3.0.jar:/Users/gowriv/.m2/repository/io/cucumber/cucumber-core/6.3.0/cucumber-core-6.3.0.jar:/Users/gowriv/.m2/repository/io/cucumber/cucumber-gherkin/6.3.0/cucumber-gherkin-6.3.0.jar:/Users/gowriv/.m2/repository/io/cucumber/cucumber-gherkin-messages/6.3.0/cucumber-gherkin-messages-6.3.0.jar:/Users/gowriv/.m2/repository/io/cucumber/messages/12.2.0/messages-12.2.0.jar:/Users/gowriv/.m2/repository/io/cucumber/tag-expressions/3.0.0/tag-expressions-3.0.0.jar:/Users/gowriv/.m2/repository/io/cucumber/cucumber-expressions/10.2.1/cucumber-expressions-10.2.1.jar:/Users/gowriv/.m2/repository/io/cucumber/datatable/3.3.1/datatable-3.3.1.jar:/Users/gowriv/.m2/repository/io/cucumber/cucumber-plugin/6.3.0/cucumber-plugin-6.3.0.jar:/Users/gowriv/.m2/repository/io/cucumber/docstring/6.3.0/docstring-6.3.0.jar:/Users/gowriv/.m2/repository/io/cucumber/html-formatter/7.0.0/html-formatter-7.0.0.jar:/Users/gowriv/.m2/repository/org/apiguardian/apiguardian-api/1.1.0/apiguardian-api-1.1.0.jar:/Users/gowriv/.m2/repository/io/cucumber/cucumber-testng/6.3.0/cucumber-testng-6.3.0.jar:/Users/gowriv/.m2/repository/io/cucumber/cucumber-picocontainer/6.3.0/cucumber-picocontainer-6.3.0.jar:/Users/gowriv/.m2/repository/org/picocontainer/picocontainer/2.15/picocontainer-2.15.jar:/Users/gowriv/.m2/repository/io/cucumber/cucumber-java8/6.3.0/cucumber-java8-6.3.0.jar:/Users/gowriv/.m2/repository/net/jodah/typetools/0.6.2/typetools-0.6.2.jar:/Users/gowriv/.m2/repository/io/appium/java-client/7.3.0/java-client-7.3.0.jar:/Users/gowriv/.m2/repository/org/apache/httpcomponents/httpclient/4.5.9/httpclient-4.5.9.jar:/Users/gowriv/.m2/repository/org/apache/httpcomponents/httpcore/4.4.11/httpcore-4.4.11.jar:/Users/gowriv/.m2/repository/commons-logging/commons-logging/1.2/commons-logging-1.2.jar:/Users/gowriv/.m2/repository/cglib/cglib/3.2.12/cglib-3.2.12.jar:/Users/gowriv/.m2/repository/org/ow2/asm/asm/7.1/asm-7.1.jar:/Users/gowriv/.m2/repository/commons-validator/commons-validator/1.6/commons-validator-1.6.jar:/Users/gowriv/.m2/repository/commons-beanutils/commons-beanutils/1.9.2/commons-beanutils-1.9.2.jar:/Users/gowriv/.m2/repository/commons-digester/commons-digester/1.8.1/commons-digester-1.8.1.jar:/Users/gowriv/.m2/repository/org/springframework/spring-context/5.1.8.RELEASE/spring-context-5.1.8.RELEASE.jar:/Users/gowriv/.m2/repository/org/springframework/spring-aop/5.1.8.RELEASE/spring-aop-5.1.8.RELEASE.jar:/Users/gowriv/.m2/repository/org/springframework/spring-beans/5.1.8.RELEASE/spring-beans-5.1.8.RELEASE.jar:/Users/gowriv/.m2/repository/org/springframework/spring-core/5.1.8.RELEASE/spring-core-5.1.8.RELEASE.jar:/Users/gowriv/.m2/repository/org/springframework/spring-jcl/5.1.8.RELEASE/spring-jcl-5.1.8.RELEASE.jar:/Users/gowriv/.m2/repository/org/springframework/spring-expression/5.1.8.RELEASE/spring-expression-5.1.8.RELEASE.jar:/Users/gowriv/.m2/repository/org/aspectj/aspectjweaver/1.9.4/aspectjweaver-1.9.4.jar:/Users/gowriv/.m2/repository/org/apache/logging/log4j/log4j-core/2.13.3/log4j-core-2.13.3.jar:/Users/gowriv/.m2/repository/org/apache/logging/log4j/log4j-api/2.13.3/log4j-api-2.13.3.jar:/Users/gowriv/.m2/repository/com/browserstack/browserstack-local-java/1.0.3/browserstack-local-java-1.0.3.jar:/Users/gowriv/.m2/repository/org/json/json/20160212/json-20160212.jar:/Users/gowriv/.m2/repository/com/saucelabs/sauce_testng/2.1.23/sauce_testng-2.1.23.jar:/Users/gowriv/.m2/repository/com/saucelabs/sauce_java_common/2.1.23/sauce_java_common-2.1.23.jar:/Users/gowriv/.m2/repository/com/googlecode/json-simple/json-simple/1.1.1/json-simple-1.1.1.jar:/Users/gowriv/.m2/repository/com/saucelabs/saucerest/1.0.32/saucerest-1.0.32.jar:/Users/gowriv/.m2/repository/commons-lang/commons-lang/2.6/commons-lang-2.6.jar:/Users/gowriv/.m2/repository/com/saucelabs/sauce_bindings/1.0-beta-5/sauce_bindings-1.0-beta-5.jar:/Users/gowriv/.m2/repository/org/projectlombok/lombok/1.18.10/lombok-1.18.10.jar:/Users/gowriv/.m2/repository/junit/junit/4.12/junit-4.12.jar:/Users/gowriv/.m2/repository/org/hamcrest/hamcrest-core/1.3/hamcrest-core-1.3.jar:/Users/gowriv/.m2/repository/io/rest-assured/rest-assured/4.3.0/rest-assured-4.3.0.jar:/Users/gowriv/.m2/repository/org/codehaus/groovy/groovy/3.0.2/groovy-3.0.2.jar:/Users/gowriv/.m2/repository/org/codehaus/groovy/groovy-xml/3.0.2/groovy-xml-3.0.2.jar:/Users/gowriv/.m2/repository/org/apache/httpcomponents/httpmime/4.5.3/httpmime-4.5.3.jar:/Users/gowriv/.m2/repository/org/hamcrest/hamcrest/2.1/hamcrest-2.1.jar:/Users/gowriv/.m2/repository/org/ccil/cowan/tagsoup/tagsoup/1.2.1/tagsoup-1.2.1.jar:/Users/gowriv/.m2/repository/io/rest-assured/json-path/4.3.0/json-path-4.3.0.jar:/Users/gowriv/.m2/repository/org/codehaus/groovy/groovy-json/3.0.2/groovy-json-3.0.2.jar:/Users/gowriv/.m2/repository/io/rest-assured/xml-path/4.3.0/xml-path-4.3.0.jar:/Users/gowriv/.m2/repository/jakarta/xml/bind/jakarta.xml.bind-api/2.3.2/jakarta.xml.bind-api-2.3.2.jar:/Users/gowriv/.m2/repository/jakarta/activation/jakarta.activation-api/1.2.1/jakarta.activation-api-1.2.1.jar:/Users/gowriv/.m2/repository/com/sun/xml/bind/jaxb-osgi/2.3.0.1/jaxb-osgi-2.3.0.1.jar:/Users/gowriv/.m2/repository/org/apache/sling/org.apache.sling.javax.activation/0.1.0/org.apache.sling.javax.activation-0.1.0.jar:/Users/gowriv/.m2/repository/javax/activation/activation/1.1.1/activation-1.1.1.jar:/Users/gowriv/.m2/repository/io/rest-assured/json-schema-validator/4.3.0/json-schema-validator-4.3.0.jar:/Users/gowriv/.m2/repository/com/github/java-json-tools/json-schema-validator/2.2.10/json-schema-validator-2.2.10.jar:/Users/gowriv/.m2/repository/com/github/java-json-tools/json-schema-core/1.2.10/json-schema-core-1.2.10.jar:/Users/gowriv/.m2/repository/com/github/java-json-tools/jackson-coreutils/1.9/jackson-coreutils-1.9.jar:/Users/gowriv/.m2/repository/com/github/fge/msg-simple/1.1/msg-simple-1.1.jar:/Users/gowriv/.m2/repository/com/github/fge/btf/1.2/btf-1.2.jar:/Users/gowriv/.m2/repository/com/github/fge/uri-template/0.9/uri-template-0.9.jar:/Users/gowriv/.m2/repository/org/mozilla/rhino/1.7.7.1/rhino-1.7.7.1.jar:/Users/gowriv/.m2/repository/javax/mail/mailapi/1.4.3/mailapi-1.4.3.jar:/Users/gowriv/.m2/repository/joda-time/joda-time/2.9.7/joda-time-2.9.7.jar:/Users/gowriv/.m2/repository/com/googlecode/libphonenumber/libphonenumber/8.0.0/libphonenumber-8.0.0.jar:/Users/gowriv/.m2/repository/net/sf/jopt-simple/jopt-simple/5.0.3/jopt-simple-5.0.3.jar:/Users/gowriv/.m2/repository/io/rest-assured/rest-assured-common/4.3.0/rest-assured-common-4.3.0.jar:/Users/gowriv/.m2/repository/org/apache/poi/poi/4.1.2/poi-4.1.2.jar:/Users/gowriv/.m2/repository/commons-codec/commons-codec/1.13/commons-codec-1.13.jar:/Users/gowriv/.m2/repository/org/apache/commons/commons-collections4/4.4/commons-collections4-4.4.jar:/Users/gowriv/.m2/repository/org/apache/commons/commons-math3/3.6.1/commons-math3-3.6.1.jar:/Users/gowriv/.m2/repository/com/zaxxer/SparseBitSet/1.2/SparseBitSet-1.2.jar:/Users/gowriv/.m2/repository/org/apache/poi/poi-ooxml/4.1.2/poi-ooxml-4.1.2.jar:/Users/gowriv/.m2/repository/org/apache/poi/poi-ooxml-schemas/4.1.2/poi-ooxml-schemas-4.1.2.jar:/Users/gowriv/.m2/repository/org/apache/xmlbeans/xmlbeans/3.1.0/xmlbeans-3.1.0.jar:/Users/gowriv/.m2/repository/org/apache/commons/commons-compress/1.19/commons-compress-1.19.jar:/Users/gowriv/.m2/repository/com/github/virtuald/curvesapi/1.06/curvesapi-1.06.jar:/Users/gowriv/.m2/repository/com/jcraft/jsch/0.1.55/jsch-0.1.55.jar:/Users/gowriv/.m2/repository/com/fasterxml/jackson/core/jackson-core/2.11.0/jackson-core-2.11.0.jar:/Users/gowriv/.m2/repository/com/fasterxml/jackson/core/jackson-databind/2.11.0/jackson-databind-2.11.0.jar:/Users/gowriv/.m2/repository/com/fasterxml/jackson/core/jackson-annotations/2.11.0/jackson-annotations-2.11.0.jar:/Users/gowriv/.m2/repository/com/codoid/products/fillo/1.21/fillo-1.21.jar:/Users/gowriv/.m2/repository/com/aventstack/extentreports/4.0.0/extentreports-4.0.0.jar:/Users/gowriv/.m2/repository/org/freemarker/freemarker/2.3.23/freemarker-2.3.23.jar:/Users/gowriv/.m2/repository/org/mongodb/mongodb-driver/3.3.0/mongodb-driver-3.3.0.jar:/Users/gowriv/.m2/repository/org/mongodb/mongodb-driver-core/3.3.0/mongodb-driver-core-3.3.0.jar:/Users/gowriv/.m2/repository/org/mongodb/bson/3.3.0/bson-3.3.0.jar:/Users/gowriv/.m2/repository/org/apache/maven/plugins/maven-dependency-plugin/3.1.2/maven-dependency-plugin-3.1.2.jar:/Users/gowriv/.m2/repository/org/apache/maven/maven-artifact/3.0/maven-artifact-3.0.jar:/Users/gowriv/.m2/repository/org/apache/maven/maven-plugin-api/3.0/maven-plugin-api-3.0.jar:/Users/gowriv/.m2/repository/org/sonatype/sisu/sisu-inject-plexus/1.4.2/sisu-inject-plexus-1.4.2.jar:/Users/gowriv/.m2/repository/org/sonatype/sisu/sisu-inject-bean/1.4.2/sisu-inject-bean-1.4.2.jar:/Users/gowriv/.m2/repository/org/sonatype/sisu/sisu-guice/2.1.7/sisu-guice-2.1.7-noaop.jar:/Users/gowriv/.m2/repository/org/apache/maven/maven-model/3.0/maven-model-3.0.jar:/Users/gowriv/.m2/repository/org/apache/maven/maven-core/3.0/maven-core-3.0.jar:/Users/gowriv/.m2/repository/org/apache/maven/maven-settings/3.0/maven-settings-3.0.jar:/Users/gowriv/.m2/repository/org/apache/maven/maven-settings-builder/3.0/maven-settings-builder-3.0.jar:/Users/gowriv/.m2/repository/org/apache/maven/maven-model-builder/3.0/maven-model-builder-3.0.jar:/Users/gowriv/.m2/repository/org/apache/maven/maven-aether-provider/3.0/maven-aether-provider-3.0.jar:/Users/gowriv/.m2/repository/org/sonatype/aether/aether-impl/1.7/aether-impl-1.7.jar:/Users/gowriv/.m2/repository/org/sonatype/aether/aether-spi/1.7/aether-spi-1.7.jar:/Users/gowriv/.m2/repository/org/sonatype/aether/aether-api/1.7/aether-api-1.7.jar:/Users/gowriv/.m2/repository/org/sonatype/aether/aether-util/1.7/aether-util-1.7.jar:/Users/gowriv/.m2/repository/org/codehaus/plexus/plexus-interpolation/1.14/plexus-interpolation-1.14.jar:/Users/gowriv/.m2/repository/org/codehaus/plexus/plexus-classworlds/2.2.3/plexus-classworlds-2.2.3.jar:/Users/gowriv/.m2/repository/org/codehaus/plexus/plexus-component-annotations/1.5.5/plexus-component-annotations-1.5.5.jar:/Users/gowriv/.m2/repository/org/sonatype/plexus/plexus-sec-dispatcher/1.3/plexus-sec-dispatcher-1.3.jar:/Users/gowriv/.m2/repository/org/sonatype/plexus/plexus-cipher/1.4/plexus-cipher-1.4.jar:/Users/gowriv/.m2/repository/org/apache/maven/maven-repository-metadata/3.0/maven-repository-metadata-3.0.jar:/Users/gowriv/.m2/repository/org/apache/maven/reporting/maven-reporting-api/3.0/maven-reporting-api-3.0.jar:/Users/gowriv/.m2/repository/org/apache/maven/reporting/maven-reporting-impl/3.0.0/maven-reporting-impl-3.0.0.jar:/Users/gowriv/.m2/repository/org/apache/maven/doxia/doxia-decoration-model/1.7.4/doxia-decoration-model-1.7.4.jar:/Users/gowriv/.m2/repository/org/apache/maven/doxia/doxia-sink-api/1.9/doxia-sink-api-1.9.jar:/Users/gowriv/.m2/repository/org/apache/maven/doxia/doxia-logging-api/1.9/doxia-logging-api-1.9.jar:/Users/gowriv/.m2/repository/org/apache/maven/doxia/doxia-core/1.9/doxia-core-1.9.jar:/Users/gowriv/.m2/repository/org/codehaus/plexus/plexus-container-default/1.7.1/plexus-container-default-1.7.1.jar:/Users/gowriv/.m2/repository/org/apache/xbean/xbean-reflect/3.7/xbean-reflect-3.7.jar:/Users/gowriv/.m2/repository/com/google/collections/google-collections/1.0/google-collections-1.0.jar:/Users/gowriv/.m2/repository/org/apache/maven/doxia/doxia-site-renderer/1.9/doxia-site-renderer-1.9.jar:/Users/gowriv/.m2/repository/org/apache/maven/doxia/doxia-skin-model/1.9/doxia-skin-model-1.9.jar:/Users/gowriv/.m2/repository/org/apache/maven/doxia/doxia-module-xhtml/1.9/doxia-module-xhtml-1.9.jar:/Users/gowriv/.m2/repository/org/apache/maven/doxia/doxia-module-xhtml5/1.9/doxia-module-xhtml5-1.9.jar:/Users/gowriv/.m2/repository/org/codehaus/plexus/plexus-i18n/1.0-beta-10/plexus-i18n-1.0-beta-10.jar:/Users/gowriv/.m2/repository/org/codehaus/plexus/plexus-velocity/1.2/plexus-velocity-1.2.jar:/Users/gowriv/.m2/repository/org/apache/velocity/velocity/1.7/velocity-1.7.jar:/Users/gowriv/.m2/repository/org/apache/velocity/velocity-tools/2.0/velocity-tools-2.0.jar:/Users/gowriv/.m2/repository/commons-chain/commons-chain/1.1/commons-chain-1.1.jar:/Users/gowriv/.m2/repository/dom4j/dom4j/1.1/dom4j-1.1.jar:/Users/gowriv/.m2/repository/oro/oro/2.0.8/oro-2.0.8.jar:/Users/gowriv/.m2/repository/sslext/sslext/1.2-0/sslext-1.2-0.jar:/Users/gowriv/.m2/repository/org/apache/struts/struts-core/1.3.8/struts-core-1.3.8.jar:/Users/gowriv/.m2/repository/antlr/antlr/2.7.2/antlr-2.7.2.jar:/Users/gowriv/.m2/repository/org/apache/struts/struts-taglib/1.3.8/struts-taglib-1.3.8.jar:/Users/gowriv/.m2/repository/org/apache/struts/struts-tiles/1.3.8/struts-tiles-1.3.8.jar:/Users/gowriv/.m2/repository/org/codehaus/plexus/plexus-archiver/4.2.2/plexus-archiver-4.2.2.jar:/Users/gowriv/.m2/repository/org/iq80/snappy/snappy/0.4/snappy-0.4.jar:/Users/gowriv/.m2/repository/org/tukaani/xz/1.8/xz-1.8.jar:/Users/gowriv/.m2/repository/org/codehaus/plexus/plexus-utils/3.3.0/plexus-utils-3.3.0.jar:/Users/gowriv/.m2/repository/org/apache/maven/shared/file-management/3.0.0/file-management-3.0.0.jar:/Users/gowriv/.m2/repository/org/apache/maven/shared/maven-shared-io/3.0.0/maven-shared-io-3.0.0.jar:/Users/gowriv/.m2/repository/org/apache/maven/maven-compat/3.0/maven-compat-3.0.jar:/Users/gowriv/.m2/repository/org/apache/maven/wagon/wagon-provider-api/2.10/wagon-provider-api-2.10.jar:/Users/gowriv/.m2/repository/org/codehaus/plexus/plexus-io/3.2.0/plexus-io-3.2.0.jar:/Users/gowriv/.m2/repository/org/apache/maven/shared/maven-dependency-analyzer/1.11.1/maven-dependency-analyzer-1.11.1.jar:/Users/gowriv/.m2/repository/org/apache/maven/shared/maven-dependency-tree/3.0.1/maven-dependency-tree-3.0.1.jar:/Users/gowriv/.m2/repository/org/eclipse/aether/aether-util/0.9.0.M2/aether-util-0.9.0.M2.jar:/Users/gowriv/.m2/repository/org/apache/maven/shared/maven-common-artifact-filters/3.1.0/maven-common-artifact-filters-3.1.0.jar:/Users/gowriv/.m2/repository/org/apache/maven/shared/maven-artifact-transfer/0.11.0/maven-artifact-transfer-0.11.0.jar:/Users/gowriv/.m2/repository/org/apache/maven/shared/maven-shared-utils/3.2.1/maven-shared-utils-3.2.1.jar:/Users/gowriv/.m2/repository/commons-collections/commons-collections/3.2.2/commons-collections-3.2.2.jar:/Users/gowriv/.m2/repository/classworlds/classworlds/1.1/classworlds-1.1.jar:/Users/gowriv/.m2/repository/net/sourceforge/jexcelapi/jxl/2.6/jxl-2.6.jar:/Users/gowriv/.m2/repository/info/cukes/cucumber-java8/1.2.5/cucumber-java8-1.2.5.jar:/Users/gowriv/.m2/repository/info/cukes/cucumber-java/1.2.5/cucumber-java-1.2.5.jar:/Users/gowriv/.m2/repository/info/cukes/cucumber-core/1.2.5/cucumber-core-1.2.5.jar:/Users/gowriv/.m2/repository/info/cukes/cucumber-html/0.2.3/cucumber-html-0.2.3.jar:/Users/gowriv/.m2/repository/info/cukes/cucumber-jvm-deps/1.0.5/cucumber-jvm-deps-1.0.5.jar:/Users/gowriv/.m2/repository/info/cukes/gherkin/2.12.2/gherkin-2.12.2.jar:/Users/gowriv/.m2/repository/mysql/mysql-connector-java/5.1.46/mysql-connector-java-5.1.46.jar:"/>
    <property name="sun.cpu.endian" value="little"/>
    <property name="user.home" value="/Users/gowriv"/>
    <property name="user.language" value="en"/>
    <property name="java.specification.vendor" value="Oracle Corporation"/>
    <property name="java.version.date" value="2020-04-14"/>
    <property name="java.home" value="/usr/local/Cellar/openjdk/14.0.1/libexec/openjdk.jdk/Contents/Home"/>
    <property name="file.separator" value="/"/>
    <property name="basedir" value="/Users/gowriv/Desktop/Scuba/Test NG Framework/NewTAFUpdated"/>
    <property name="java.vm.compressedOopsMode" value="Zero based"/>
    <property name="line.separator" value="&#10;"/>
    <property name="java.specification.name" value="Java Platform API Specification"/>
    <property name="java.vm.specification.vendor" value="Oracle Corporation"/>
    <property name="surefire.real.class.path" value="/Users/gowriv/Desktop/Scuba/Test NG Framework/NewTAFUpdated/target/surefire/surefirebooter6011695694071504515.jar"/>
    <property name="sun.management.compiler" value="HotSpot 64-Bit Tiered Compilers"/>
    <property name="ftp.nonProxyHosts" value="local|*.local|169.254/16|*.169.254/16"/>
    <property name="java.runtime.version" value="14.0.1+14"/>
    <property name="user.name" value="gowriv"/>
    <property name="path.separator" value=":"/>
    <property name="os.version" value="10.15.5"/>
    <property name="java.runtime.name" value="OpenJDK Runtime Environment"/>
    <property name="file.encoding" value="UTF-8"/>
    <property name="java.vm.name" value="OpenJDK 64-Bit Server VM"/>
    <property name="localRepository" value="/Users/gowriv/.m2/repository"/>
    <property name="java.vendor.url.bug" value="https://bugreport.java.com/bugreport/"/>
    <property name="java.io.tmpdir" value="/var/folders/cv/yklw18hd1kd50dvlmdnbh7q00000gp/T/"/>
    <property name="java.version" value="14.0.1"/>
    <property name="user.dir" value="/Users/gowriv/Desktop/Scuba/Test NG Framework/NewTAFUpdated"/>
    <property name="os.arch" value="x86_64"/>
    <property name="java.vm.specification.name" value="Java Virtual Machine Specification"/>
    <property name="java.library.path" value="/Users/gowriv/Library/Java/Extensions:/Library/Java/Extensions:/Network/Library/Java/Extensions:/System/Library/Java/Extensions:/usr/lib/java:."/>
    <property name="java.vm.info" value="mixed mode, sharing"/>
    <property name="java.vendor" value="N/A"/>
    <property name="java.vm.version" value="14.0.1+14"/>
    <property name="sun.io.unicode.encoding" value="UnicodeBig"/>
    <property name="socksNonProxyHosts" value="local|*.local|169.254/16|*.169.254/16"/>
    <property name="java.class.version" value="58.0"/>
  </properties>
  <testcase name="Registration Flow" classname="com.CucumberRunner" time="13.296"/>
</testsuite>