<?xml version="1.0" encoding="UTF-8"?>
<!-- Generated by org.testng.reporters.JUnitReportReporter -->
<testsuite hostname="Administrators-MacBook-Pro.local" name="com.scubatraining.Gowri.seleniummethods.ExtendReport" tests="1" failures="0" timestamp="20 Jul 2020 19:07:49 GMT" time="8.604" errors="0">
  <testcase name="Login" time="8.604" classname="com.scubatraining.Gowri.seleniummethods.ExtendReport"/>
</testsuite> <!-- com.scubatraining.Gowri.seleniummethods.ExtendReport -->
