<?xml version="1.0" encoding="UTF-8"?>
<!-- Generated by org.testng.reporters.JUnitReportReporter -->
<testsuite hostname="Administrators-MacBook-Pro.local" name="com.scubatraining.Gowri.Calculator.TestNG_Groups" tests="1" failures="0" timestamp="2 Jul 2020 15:31:07 GMT" time="0.014" errors="0">
  <testcase name="sum" time="0.014" classname="com.scubatraining.Gowri.Calculator.TestNG_Groups"/>
</testsuite> <!-- com.scubatraining.Gowri.Calculator.TestNG_Groups -->
