<?xml version="1.0" encoding="UTF-8"?>
<!-- Generated by org.testng.reporters.JUnitReportReporter -->
<testsuite hostname="Administrators-MacBook-Pro.local" name="com.scubatraining.Gowri.Calculator.TestNG_Dataprovider" tests="1" failures="0" timestamp="1 Jul 2020 12:56:51 GMT" time="0.010" errors="0">
  <testcase name="testMethod1" time="0.010" classname="com.scubatraining.Gowri.Calculator.TestNG_Dataprovider"/>
</testsuite> <!-- com.scubatraining.Gowri.Calculator.TestNG_Dataprovider -->
