<?xml version="1.0" encoding="UTF-8"?>
<!-- Generated by org.testng.reporters.JUnitReportReporter -->
<testsuite hostname="Administrators-MacBook-Pro.local" name="com.CucumberRunner" tests="1" failures="0" timestamp="4 Aug 2020 10:43:08 GMT" time="16.251" errors="0">
  <testcase name="scenario" time="16.251" classname="com.CucumberRunner"/>
</testsuite> <!-- com.CucumberRunner -->
