<?xml version="1.0" encoding="UTF-8"?>
<!-- Generated by org.testng.reporters.JUnitReportReporter -->
<testsuite hostname="Administrators-MacBook-Pro.local" name="com.internetapp.tests.dataProviders.TestNG_DataProviders" tests="3" failures="0" timestamp="1 Jul 2020 12:33:27 GMT" time="0.019" errors="0">
  <testcase name="testMethod1" time="0.016" classname="com.internetapp.tests.dataProviders.TestNG_DataProviders"/>
  <testcase name="testMethod1" time="0.001" classname="com.internetapp.tests.dataProviders.TestNG_DataProviders"/>
  <testcase name="testMethod1" time="0.002" classname="com.internetapp.tests.dataProviders.TestNG_DataProviders"/>
</testsuite> <!-- com.internetapp.tests.dataProviders.TestNG_DataProviders -->
