<?xml version="1.0" encoding="UTF-8"?>
<!-- Generated by org.testng.reporters.JUnitReportReporter -->
<testsuite hostname="Administrators-MacBook-Pro.local" name="com.scubatraining.Gowri.seleniummethods.Application2" tests="1" failures="0" timestamp="20 Jul 2020 15:13:03 GMT" time="3.025" errors="0">
  <testcase name="Register" time="3.025" classname="com.scubatraining.Gowri.seleniummethods.Application2"/>
</testsuite> <!-- com.scubatraining.Gowri.seleniummethods.Application2 -->
