<?xml version="1.0" encoding="UTF-8"?>
<!-- Generated by org.testng.reporters.JUnitReportReporter -->
<testsuite hostname="Administrators-MacBook-Pro.local" name="com.scubatraining.Gowri.seleniummethods.DataParam" tests="1" failures="0" timestamp="23 Jul 2020 06:38:36 GMT" time="0.304" errors="0">
  <testcase name="Login" time="0.304" classname="com.scubatraining.Gowri.seleniummethods.DataParam"/>
</testsuite> <!-- com.scubatraining.Gowri.seleniummethods.DataParam -->
