<?xml version="1.0" encoding="UTF-8"?>
<!-- Generated by org.testng.reporters.JUnitReportReporter -->
<testsuite hostname="Administrators-MacBook-Pro.local" name="com.internetapp.tests.parallelExecution.ParallelClassesExample2" tests="4" failures="0" timestamp="2 Jul 2020 02:37:20 GMT" time="0.025" errors="0">
  <testcase name="testCase7" time="0.002" classname="com.internetapp.tests.parallelExecution.ParallelClassesExample2"/>
  <testcase name="testCase6" time="0.002" classname="com.internetapp.tests.parallelExecution.ParallelClassesExample2"/>
  <testcase name="testCase5" time="0.019" classname="com.internetapp.tests.parallelExecution.ParallelClassesExample2"/>
  <testcase name="testCase8" time="0.002" classname="com.internetapp.tests.parallelExecution.ParallelClassesExample2"/>
</testsuite> <!-- com.internetapp.tests.parallelExecution.ParallelClassesExample2 -->
