<?xml version="1.0" encoding="UTF-8"?>
<!-- Generated by org.testng.reporters.JUnitReportReporter -->
<testsuite hostname="Administrators-MacBook-Pro.local" name="com.internetapp.tests.reports.TestNG_ReportsAndLogs" tests="3" failures="0" timestamp="2 Jul 2020 02:04:40 GMT" time="0.020" errors="0">
  <testcase name="testMethod2" time="0.008" classname="com.internetapp.tests.reports.TestNG_ReportsAndLogs"/>
  <testcase name="testMethod3" time="0.003" classname="com.internetapp.tests.reports.TestNG_ReportsAndLogs"/>
  <testcase name="testMethod1" time="0.009" classname="com.internetapp.tests.reports.TestNG_ReportsAndLogs"/>
</testsuite> <!-- com.internetapp.tests.reports.TestNG_ReportsAndLogs -->
