<?xml version="1.0" encoding="UTF-8"?>
<!-- Generated by org.testng.reporters.JUnitReportReporter -->
<testsuite hostname="Administrators-MacBook-Pro.local" name="com.internetapp.tests.annotations.TestNG_TestAnnotation" tests="3" failures="0" timestamp="22 Jun 2020 12:11:55 GMT" time="0.016" errors="0">
  <testcase name="testMethod3" time="0.001" classname="com.internetapp.tests.annotations.TestNG_TestAnnotation"/>
  <testcase name="testMethod1" time="0.010" classname="com.internetapp.tests.annotations.TestNG_TestAnnotation"/>
  <testcase name="testMethod2" time="0.005" classname="com.internetapp.tests.annotations.TestNG_TestAnnotation"/>
</testsuite> <!-- com.internetapp.tests.annotations.TestNG_TestAnnotation -->
