<?xml version="1.0" encoding="UTF-8"?>
<!-- Generated by org.testng.reporters.JUnitReportReporter -->
<testsuite hostname="Administrators-MacBook-Pro.local" name="com.scubatraining.Gowri.Calculator.TestNG_Parameter" tests="1" failures="0" timestamp="1 Jul 2020 14:40:32 GMT" time="0.009" errors="0">
  <testcase name="testMethod1" time="0.009" classname="com.scubatraining.Gowri.Calculator.TestNG_Parameter"/>
</testsuite> <!-- com.scubatraining.Gowri.Calculator.TestNG_Parameter -->
