<?xml version="1.0" encoding="UTF-8"?>
<!-- Generated by org.testng.reporters.JUnitReportReporter -->
<testsuite hostname="Administrators-MacBook-Pro.local" name="com.scubatraining.Gowri.seleniummethods.Application1" tests="1" failures="0" timestamp="20 Jul 2020 15:12:58 GMT" time="9.055" errors="0">
  <testcase name="Register" time="9.055" classname="com.scubatraining.Gowri.seleniummethods.Application1"/>
</testsuite> <!-- com.scubatraining.Gowri.seleniummethods.Application1 -->
