<?xml version="1.0" encoding="UTF-8"?>
<!-- Generated by org.testng.reporters.JUnitReportReporter -->
<testsuite hostname="AdminisatorsMBP" name="com.CucumberRunner" tests="1" failures="0" timestamp="1 Aug 2020 07:54:53 GMT" time="16.792" errors="0">
  <testcase name="scenario" time="16.792" classname="com.CucumberRunner"/>
</testsuite> <!-- com.CucumberRunner -->
