<?xml version="1.0" encoding="UTF-8"?>
<!-- Generated by org.testng.reporters.JUnitReportReporter -->
<testsuite hostname="Administrators-MacBook-Pro.local" name="com.CucumberRunner" tests="1" failures="0" timestamp="31 Jul 2020 14:36:10 GMT" time="12.758" errors="0">
  <testcase name="scenario" time="12.758" classname="com.CucumberRunner"/>
</testsuite> <!-- com.CucumberRunner -->
