<?xml version="1.0" encoding="UTF-8"?>
<!-- Generated by org.testng.reporters.JUnitReportReporter -->
<testsuite skipped="0" hostname="Administrators-MacBook-Pro.local" name="com.CucumberRunner" tests="1" failures="0" timestamp="01 Aug 2020 03:04:34 GMT" time="16.479" errors="0">
  <testcase name="scenario" time="16.479" classname="com.CucumberRunner"/>
</testsuite> <!-- com.CucumberRunner -->
