<?xml version="1.0" encoding="UTF-8"?>
<!-- Generated by org.testng.reporters.JUnitReportReporter -->
<testsuite hostname="AdminisatorsMBP" failures="0" tests="1" name="com.CucumberRunner" time="13.140" errors="0" timestamp="31 Jul 2020 07:36:59 GMT" skipped="0">
  <testcase classname="com.CucumberRunner" name="scenario" time="13.140"/>
</testsuite> <!-- com.CucumberRunner -->
